<?xml version="1.0" encoding="UTF-8"?>
<testng-results ignored="0" total="1" passed="1" failed="0" skipped="0">
  <reporter-output>
  </reporter-output>
  <suite started-at="2022-12-07T17:17:49 IST" name="Default suite" finished-at="2022-12-07T17:17:49 IST" duration-ms="46">
    <groups>
    </groups>
    <test started-at="2022-12-07T17:17:49 IST" name="Default test" finished-at="2022-12-07T17:17:49 IST" duration-ms="46">
      <class name="com.practice.basics.TestNGPractice">
        <test-method is-config="true" signature="beforeSuite()[pri:0, instance:com.practice.basics.TestNGPractice@7bab3f1a]" started-at="2022-12-07T17:17:49 IST" name="beforeSuite" finished-at="2022-12-07T17:17:49 IST" duration-ms="4" status="PASS">
          <reporter-output>
          </reporter-output>
        </test-method> <!-- beforeSuite -->
        <test-method is-config="true" signature="beforeTest()[pri:0, instance:com.practice.basics.TestNGPractice@7bab3f1a]" started-at="2022-12-07T17:17:49 IST" name="beforeTest" finished-at="2022-12-07T17:17:49 IST" duration-ms="0" status="PASS">
          <reporter-output>
          </reporter-output>
        </test-method> <!-- beforeTest -->
        <test-method is-config="true" signature="beforeClass()[pri:0, instance:com.practice.basics.TestNGPractice@7bab3f1a]" started-at="2022-12-07T17:17:49 IST" name="beforeClass" finished-at="2022-12-07T17:17:49 IST" duration-ms="0" status="PASS">
          <reporter-output>
          </reporter-output>
        </test-method> <!-- beforeClass -->
        <test-method is-config="true" signature="beforeMethod()[pri:0, instance:com.practice.basics.TestNGPractice@7bab3f1a]" started-at="2022-12-07T17:17:49 IST" name="beforeMethod" finished-at="2022-12-07T17:17:49 IST" duration-ms="1" status="PASS">
          <reporter-output>
          </reporter-output>
        </test-method> <!-- beforeMethod -->
        <test-method signature="Test()[pri:0, instance:com.practice.basics.TestNGPractice@7bab3f1a]" started-at="2022-12-07T17:17:49 IST" name="Test" finished-at="2022-12-07T17:17:49 IST" duration-ms="5" status="PASS">
          <reporter-output>
          </reporter-output>
        </test-method> <!-- Test -->
        <test-method is-config="true" signature="afterMethod()[pri:0, instance:com.practice.basics.TestNGPractice@7bab3f1a]" started-at="2022-12-07T17:17:49 IST" name="afterMethod" finished-at="2022-12-07T17:17:49 IST" duration-ms="0" status="PASS">
          <reporter-output>
          </reporter-output>
        </test-method> <!-- afterMethod -->
        <test-method is-config="true" signature="afterClass()[pri:0, instance:com.practice.basics.TestNGPractice@7bab3f1a]" started-at="2022-12-07T17:17:49 IST" name="afterClass" finished-at="2022-12-07T17:17:49 IST" duration-ms="0" status="PASS">
          <reporter-output>
          </reporter-output>
        </test-method> <!-- afterClass -->
        <test-method is-config="true" signature="afterTest()[pri:0, instance:com.practice.basics.TestNGPractice@7bab3f1a]" started-at="2022-12-07T17:17:49 IST" name="afterTest" finished-at="2022-12-07T17:17:49 IST" duration-ms="1" status="PASS">
          <reporter-output>
          </reporter-output>
        </test-method> <!-- afterTest -->
        <test-method is-config="true" signature="sfterSuite()[pri:0, instance:com.practice.basics.TestNGPractice@7bab3f1a]" started-at="2022-12-07T17:17:49 IST" name="sfterSuite" finished-at="2022-12-07T17:17:49 IST" duration-ms="0" status="PASS">
          <reporter-output>
          </reporter-output>
        </test-method> <!-- sfterSuite -->
      </class> <!-- com.practice.basics.TestNGPractice -->
    </test> <!-- Default test -->
  </suite> <!-- Default suite -->
</testng-results>
